[
  {
    "file": "play.pokemonshowdown.com/src/battle-team-editor.tsx",
    "replacements": 43,
    "groups": [
      "SharedChromeSources",
      "TeambuilderChromeSources"
    ],
    "exports": [
      "SharedChromeJA",
      "TeambuilderChromeJA"
    ]
  },
  {
    "file": "play.pokemonshowdown.com/src/panel-teambuilder.tsx",
    "replacements": 20,
    "groups": [
      "SharedChromeSources",
      "TeambuilderListChromeSources"
    ],
    "exports": [
      "SharedChromeJA",
      "TeambuilderListChromeJA"
    ]
  },
  {
    "file": "play.pokemonshowdown.com/src/panel-teambuilder-team.tsx",
    "replacements": 23,
    "groups": [
      "SharedChromeSources",
      "TeambuilderTeamChromeSources"
    ],
    "exports": [
      "SharedChromeJA",
      "TeambuilderTeamChromeJA"
    ]
  },
  {
    "file": "play.pokemonshowdown.com/src/panel-teamdropdown.tsx",
    "replacements": 15,
    "groups": [
      "SharedChromeSources",
      "TeamDropdownChromeSources"
    ],
    "exports": [
      "SharedChromeJA",
      "TeamDropdownChromeJA"
    ]
  }
]

> pokemon-showdown-client@0.11.2 test
> npm run build && echo "tsc... \c" && tsc && echo "DONE
> eslint... \c" && eslint --cache --cache-location caches/eslintcache.json --max-warnings 0 && echo "DONE" && node --test test/*.js


> pokemon-showdown-client@0.11.2 build
> node build && npm run generate-japanese-display-names

config.js does not exist. Creating one with default settings...
Updating version... DONE
Compiling TS files... (49 files in 8.021s) DONE
Copying old client files... DONE
Updating cachebuster and URLs... and news... DONE

> pokemon-showdown-client@0.11.2 generate-japanese-display-names
> node build-tools/generate-japanese-display-names.js

Generated Japanese display names (species=1025, moves=919, abilities=311, items=2115)
tsc... DONE
eslint... 
/home/runner/work/pokemon-showdown-client/pokemon-showdown-client/play.pokemonshowdown.com/src/panel-teambuilder.tsx
  1:1  warning  Unused eslint-disable directive (no problems were reported from '@stylistic/max-len')

✖ 1 problem (0 errors, 1 warning)
  0 errors and 1 warning potentially fixable with the `--fix` option.

ESLint found too many warnings (maximum: 0).
